# JRE version: Java(TM) SE Runtime Environment (8.0_102-b14) (build 1.8.0_102-b14)
# Java VM: Java HotSpot(TM) 64-Bit Server VM (25.102-b14 mixed mode windows-amd64 compressed oops)
Heap:
 PSYoungGen      total 67072K, used 8502K [0x000000076af80000, 0x000000076f980000, 0x00000007c0000000)
  eden space 60416K, 13% used [0x000000076af80000,0x000000076b78db58,0x000000076ea80000)
  from space 6656K, 3% used [0x000000076f300000,0x000000076f340000,0x000000076f980000)
  to   space 7680K, 0% used [0x000000076ea80000,0x000000076ea80000,0x000000076f200000)
 ParOldGen       total 175104K, used 3646K [0x00000006c0e00000, 0x00000006cb900000, 0x000000076af80000)
  object space 175104K, 2% used [0x00000006c0e00000,0x00000006c118f948,0x00000006cb900000)
 Metaspace       used 13868K, capacity 14120K, committed 14464K, reserved 1062912K
  class space    used 1570K, capacity 1650K, committed 1664K, reserved 1048576K
GC Heap History (10 events):
Event: 45.542 GC heap before
{Heap before GC invocations=4 (full 0):
 PSYoungGen      total 76288K, used 69137K [0x000000076af80000, 0x0000000770480000, 0x00000007c0000000)
  eden space 65536K, 100% used [0x000000076af80000,0x000000076ef80000,0x000000076ef80000)
  from space 10752K, 33% used [0x000000076ef80000,0x000000076f3044d0,0x000000076fa00000)
  to   space 10752K, 0% used [0x000000076fa00000,0x000000076fa00000,0x0000000770480000)
 ParOldGen       total 175104K, used 40K [0x00000006c0e00000, 0x00000006cb900000, 0x000000076af80000)
  object space 175104K, 0% used [0x00000006c0e00000,0x00000006c0e0a000,0x00000006cb900000)
 Metaspace       used 12353K, capacity 12596K, committed 12800K, reserved 1060864K
  class space    used 1404K, capacity 1484K, committed 1536K, reserved 1048576K
Event: 45.546 GC heap after
Heap after GC invocations=4 (full 0):
 PSYoungGen      total 76288K, used 3633K [0x000000076af80000, 0x0000000770480000, 0x00000007c0000000)
  eden space 65536K, 0% used [0x000000076af80000,0x000000076af80000,0x000000076ef80000)
  from space 10752K, 33% used [0x000000076fa00000,0x000000076fd8c4d0,0x0000000770480000)
  to   space 10752K, 0% used [0x000000076ef80000,0x000000076ef80000,0x000000076fa00000)
 ParOldGen       total 175104K, used 48K [0x00000006c0e00000, 0x00000006cb900000, 0x000000076af80000)
  object space 175104K, 0% used [0x00000006c0e00000,0x00000006c0e0c000,0x00000006cb900000)
 Metaspace       used 12353K, capacity 12596K, committed 12800K, reserved 1060864K
  class space    used 1404K, capacity 1484K, committed 1536K, reserved 1048576K
}
Event: 51.639 GC heap before
{Heap before GC invocations=5 (full 0):
 PSYoungGen      total 76288K, used 69169K [0x000000076af80000, 0x0000000770480000, 0x00000007c0000000)
  eden space 65536K, 100% used [0x000000076af80000,0x000000076ef80000,0x000000076ef80000)
  from space 10752K, 33% used [0x000000076fa00000,0x000000076fd8c4d0,0x0000000770480000)
  to   space 10752K, 0% used [0x000000076ef80000,0x000000076ef80000,0x000000076fa00000)
 ParOldGen       total 175104K, used 48K [0x00000006c0e00000, 0x00000006cb900000, 0x000000076af80000)
  object space 175104K, 0% used [0x00000006c0e00000,0x00000006c0e0c000,0x00000006cb900000)
 Metaspace       used 12431K, capacity 12596K, committed 12800K, reserved 1060864K
  class space    used 1417K, capacity 1484K, committed 1536K, reserved 1048576K
Event: 51.642 GC heap after
Heap after GC invocations=5 (full 0):
 PSYoungGen      total 68096K, used 3729K [0x000000076af80000, 0x000000076fc00000, 0x00000007c0000000)
  eden space 64000K, 0% used [0x000000076af80000,0x000000076af80000,0x000000076ee00000)
  from space 4096K, 91% used [0x000000076ef80000,0x000000076f3244d0,0x000000076f380000)
  to   space 7168K, 0% used [0x000000076f500000,0x000000076f500000,0x000000076fc00000)
 ParOldGen       total 175104K, used 56K [0x00000006c0e00000, 0x00000006cb900000, 0x000000076af80000)
  object space 175104K, 0% used [0x00000006c0e00000,0x00000006c0e0e000,0x00000006cb900000)
 Metaspace       used 12431K, capacity 12596K, committed 12800K, reserved 1060864K
  class space    used 1417K, capacity 1484K, committed 1536K, reserved 1048576K
}
Event: 57.420 GC heap before
{Heap before GC invocations=6 (full 0):
 PSYoungGen      total 68096K, used 67729K [0x000000076af80000, 0x000000076fc00000, 0x00000007c0000000)
  eden space 64000K, 100% used [0x000000076af80000,0x000000076ee00000,0x000000076ee00000)
  from space 4096K, 91% used [0x000000076ef80000,0x000000076f3244d0,0x000000076f380000)
  to   space 7168K, 0% used [0x000000076f500000,0x000000076f500000,0x000000076fc00000)
 ParOldGen       total 175104K, used 56K [0x00000006c0e00000, 0x00000006cb900000, 0x000000076af80000)
  object space 175104K, 0% used [0x00000006c0e00000,0x00000006c0e0e000,0x00000006cb900000)
 Metaspace       used 12433K, capacity 12596K, committed 12800K, reserved 1060864K
  class space    used 1417K, capacity 1484K, committed 1536K, reserved 1048576K
Event: 57.423 GC heap after
Heap after GC invocations=6 (full 0):
 PSYoungGen      total 68096K, used 3713K [0x000000076af80000, 0x000000076fa80000, 0x00000007c0000000)
  eden space 62464K, 0% used [0x000000076af80000,0x000000076af80000,0x000000076ec80000)
  from space 5632K, 65% used [0x000000076f500000,0x000000076f8a04e0,0x000000076fa80000)
  to   space 7168K, 0% used [0x000000076ec80000,0x000000076ec80000,0x000000076f380000)
 ParOldGen       total 175104K, used 56K [0x00000006c0e00000, 0x00000006cb900000, 0x000000076af80000)
  object space 175104K, 0% used [0x00000006c0e00000,0x00000006c0e0e000,0x00000006cb900000)
 Metaspace       used 12433K, capacity 12596K, committed 12800K, reserved 1060864K
  class space    used 1417K, capacity 1484K, committed 1536K, reserved 1048576K
}
Event: 63.148 GC heap before
{Heap before GC invocations=7 (full 0):
 PSYoungGen      total 68096K, used 66177K [0x000000076af80000, 0x000000076fa80000, 0x00000007c0000000)
  eden space 62464K, 100% used [0x000000076af80000,0x000000076ec80000,0x000000076ec80000)
  from space 5632K, 65% used [0x000000076f500000,0x000000076f8a04e0,0x000000076fa80000)
  to   space 7168K, 0% used [0x000000076ec80000,0x000000076ec80000,0x000000076f380000)
 ParOldGen       total 175104K, used 56K [0x00000006c0e00000, 0x00000006cb900000, 0x000000076af80000)
  object space 175104K, 0% used [0x00000006c0e00000,0x00000006c0e0e000,0x00000006cb900000)
 Metaspace       used 12433K, capacity 12596K, committed 12800K, reserved 1060864K
  class space    used 1417K, capacity 1484K, committed 1536K, reserved 1048576K
Event: 63.151 GC heap after
Heap after GC invocations=7 (full 0):
 PSYoungGen      total 61952K, used 192K [0x000000076af80000, 0x000000076fa80000, 0x00000007c0000000)
  eden space 61440K, 0% used [0x000000076af80000,0x000000076af80000,0x000000076eb80000)
  from space 512K, 37% used [0x000000076ec80000,0x000000076ecb0000,0x000000076ed00000)
  to   space 7680K, 0% used [0x000000076f300000,0x000000076f300000,0x000000076fa80000)
 ParOldGen       total 175104K, used 3574K [0x00000006c0e00000, 0x00000006cb900000, 0x000000076af80000)
  object space 175104K, 2% used [0x00000006c0e00000,0x00000006c117d928,0x00000006cb900000)
 Metaspace       used 12433K, capacity 12596K, committed 12800K, reserved 1060864K
  class space    used 1417K, capacity 1484K, committed 1536K, reserved 1048576K
}
Event: 68.751 GC heap before
{Heap before GC invocations=8 (full 0):
 PSYoungGen      total 61952K, used 61632K [0x000000076af80000, 0x000000076fa80000, 0x00000007c0000000)
  eden space 61440K, 100% used [0x000000076af80000,0x000000076eb80000,0x000000076eb80000)
  from space 512K, 37% used [0x000000076ec80000,0x000000076ecb0000,0x000000076ed00000)
  to   space 7680K, 0% used [0x000000076f300000,0x000000076f300000,0x000000076fa80000)
 ParOldGen       total 175104K, used 3574K [0x00000006c0e00000, 0x00000006cb900000, 0x000000076af80000)
  object space 175104K, 2% used [0x00000006c0e00000,0x00000006c117d928,0x00000006cb900000)
 Metaspace       used 13868K, capacity 14120K, committed 14464K, reserved 1062912K
  class space    used 1570K, capacity 1650K, committed 1664K, reserved 1048576K
Event: 68.751 GC heap after
Heap after GC invocations=8 (full 0):
 PSYoungGen      total 67072K, used 256K [0x000000076af80000, 0x000000076f980000, 0x00000007c0000000)
  eden space 60416K, 0% used [0x000000076af80000,0x000000076af80000,0x000000076ea80000)
  from space 6656K, 3% used [0x000000076f300000,0x000000076f340000,0x000000076f980000)
  to   space 7680K, 0% used [0x000000076ea80000,0x000000076ea80000,0x000000076f200000)
 ParOldGen       total 175104K, used 3646K [0x00000006c0e00000, 0x00000006cb900000, 0x000000076af80000)
  object space 175104K, 2% used [0x00000006c0e00000,0x00000006c118f948,0x00000006cb900000)
 Metaspace       used 13868K, capacity 14120K, committed 14464K, reserved 1062912K
  class space    used 1570K, capacity 1650K, committed 1664K, reserved 1048576K
}

